2023-06-20T13:47:16.846-0700	ERROR	build/context.go:31	invalid file offset 45 (should be <= 41)
github.com/greenboxal/agibootstrap/pkg/build.(*Context).ReportError
	/Users/jonathanlima/mark/agibootstrap/staging/pkg/build/context.go:31
github.com/greenboxal/agibootstrap/pkg/build.(*Context).Build
	/Users/jonathanlima/mark/agibootstrap/staging/pkg/build/context.go:38
github.com/greenboxal/agibootstrap/pkg/build.(*Builder).Build
	/Users/jonathanlima/mark/agibootstrap/staging/pkg/build/build.go:48
main.main.func3
	/Users/jonathanlima/mark/agibootstrap/staging/cmd/agib/main.go:89
github.com/spf13/cobra.(*Command).execute
	/Users/jonathanlima/go/pkg/mod/github.com/spf13/cobra@v1.7.0/command.go:940
github.com/spf13/cobra.(*Command).ExecuteC
	/Users/jonathanlima/go/pkg/mod/github.com/spf13/cobra@v1.7.0/command.go:1068
github.com/spf13/cobra.(*Command).Execute
	/Users/jonathanlima/go/pkg/mod/github.com/spf13/cobra@v1.7.0/command.go:992
main.main
	/Users/jonathanlima/mark/agibootstrap/staging/cmd/agib/main.go:126
runtime.main
	/opt/homebrew/opt/go/libexec/src/runtime/proc.go:250
2023-06-20T13:47:30.551-0700	ERROR	build/context.go:31	invalid file offset 45 (should be <= 41)
github.com/greenboxal/agibootstrap/pkg/build.(*Context).ReportError
	/Users/jonathanlima/mark/agibootstrap/staging/pkg/build/context.go:31
github.com/greenboxal/agibootstrap/pkg/build.(*Context).Build
	/Users/jonathanlima/mark/agibootstrap/staging/pkg/build/context.go:38
github.com/greenboxal/agibootstrap/pkg/build.(*Builder).Build
	/Users/jonathanlima/mark/agibootstrap/staging/pkg/build/build.go:48
main.main.func3
	/Users/jonathanlima/mark/agibootstrap/staging/cmd/agib/main.go:89
github.com/spf13/cobra.(*Command).execute
	/Users/jonathanlima/go/pkg/mod/github.com/spf13/cobra@v1.7.0/command.go:940
github.com/spf13/cobra.(*Command).ExecuteC
	/Users/jonathanlima/go/pkg/mod/github.com/spf13/cobra@v1.7.0/command.go:1068
github.com/spf13/cobra.(*Command).Execute
	/Users/jonathanlima/go/pkg/mod/github.com/spf13/cobra@v1.7.0/command.go:992
main.main
	/Users/jonathanlima/mark/agibootstrap/staging/cmd/agib/main.go:126
runtime.main
	/opt/homebrew/opt/go/libexec/src/runtime/proc.go:250
2023-06-20T13:48:06.222-0700	ERROR	build/context.go:31	runtime error: slice bounds out of range [2427:41]
github.com/greenboxal/agibootstrap/pkg/build.(*Context).ReportError
	/Users/jonathanlima/mark/agibootstrap/staging/pkg/build/context.go:31
github.com/greenboxal/agibootstrap/pkg/build.(*Context).Build
	/Users/jonathanlima/mark/agibootstrap/staging/pkg/build/context.go:38
github.com/greenboxal/agibootstrap/pkg/build.(*Builder).Build
	/Users/jonathanlima/mark/agibootstrap/staging/pkg/build/build.go:48
main.main.func3
	/Users/jonathanlima/mark/agibootstrap/staging/cmd/agib/main.go:89
github.com/spf13/cobra.(*Command).execute
	/Users/jonathanlima/go/pkg/mod/github.com/spf13/cobra@v1.7.0/command.go:940
github.com/spf13/cobra.(*Command).ExecuteC
	/Users/jonathanlima/go/pkg/mod/github.com/spf13/cobra@v1.7.0/command.go:1068
github.com/spf13/cobra.(*Command).Execute
	/Users/jonathanlima/go/pkg/mod/github.com/spf13/cobra@v1.7.0/command.go:992
main.main
	/Users/jonathanlima/mark/agibootstrap/staging/cmd/agib/main.go:126
runtime.main
	/opt/homebrew/opt/go/libexec/src/runtime/proc.go:250
2023-06-20T13:52:04.627-0700	ERROR	build/context.go:31	col out of range
github.com/greenboxal/agibootstrap/pkg/build.(*Context).ReportError
	/Users/jonathanlima/mark/agibootstrap/staging/pkg/build/context.go:31
github.com/greenboxal/agibootstrap/pkg/build.(*Context).Build
	/Users/jonathanlima/mark/agibootstrap/staging/pkg/build/context.go:38
github.com/greenboxal/agibootstrap/pkg/build.(*Builder).Build
	/Users/jonathanlima/mark/agibootstrap/staging/pkg/build/build.go:48
main.main.func3
	/Users/jonathanlima/mark/agibootstrap/staging/cmd/agib/main.go:89
github.com/spf13/cobra.(*Command).execute
	/Users/jonathanlima/go/pkg/mod/github.com/spf13/cobra@v1.7.0/command.go:940
github.com/spf13/cobra.(*Command).ExecuteC
	/Users/jonathanlima/go/pkg/mod/github.com/spf13/cobra@v1.7.0/command.go:1068
github.com/spf13/cobra.(*Command).Execute
	/Users/jonathanlima/go/pkg/mod/github.com/spf13/cobra@v1.7.0/command.go:992
main.main
	/Users/jonathanlima/mark/agibootstrap/staging/cmd/agib/main.go:126
runtime.main
	/opt/homebrew/opt/go/libexec/src/runtime/proc.go:250
2023-06-20T13:52:27.074-0700	ERROR	build/context.go:31	runtime error: index out of range [-1]
github.com/greenboxal/agibootstrap/pkg/build.(*Context).ReportError
	/Users/jonathanlima/mark/agibootstrap/staging/pkg/build/context.go:31
github.com/greenboxal/agibootstrap/pkg/build.(*Context).Build
	/Users/jonathanlima/mark/agibootstrap/staging/pkg/build/context.go:38
github.com/greenboxal/agibootstrap/pkg/build.(*Builder).Build
	/Users/jonathanlima/mark/agibootstrap/staging/pkg/build/build.go:48
main.main.func3
	/Users/jonathanlima/mark/agibootstrap/staging/cmd/agib/main.go:89
github.com/spf13/cobra.(*Command).execute
	/Users/jonathanlima/go/pkg/mod/github.com/spf13/cobra@v1.7.0/command.go:940
github.com/spf13/cobra.(*Command).ExecuteC
	/Users/jonathanlima/go/pkg/mod/github.com/spf13/cobra@v1.7.0/command.go:1068
github.com/spf13/cobra.(*Command).Execute
	/Users/jonathanlima/go/pkg/mod/github.com/spf13/cobra@v1.7.0/command.go:992
main.main
	/Users/jonathanlima/mark/agibootstrap/staging/cmd/agib/main.go:126
runtime.main
	/opt/homebrew/opt/go/libexec/src/runtime/proc.go:250
2023-06-20T13:52:52.599-0700	ERROR	build/context.go:31	col out of range
github.com/greenboxal/agibootstrap/pkg/build.(*Context).ReportError
	/Users/jonathanlima/mark/agibootstrap/staging/pkg/build/context.go:31
github.com/greenboxal/agibootstrap/pkg/build.(*Context).Build
	/Users/jonathanlima/mark/agibootstrap/staging/pkg/build/context.go:38
github.com/greenboxal/agibootstrap/pkg/build.(*Builder).Build
	/Users/jonathanlima/mark/agibootstrap/staging/pkg/build/build.go:48
main.main.func3
	/Users/jonathanlima/mark/agibootstrap/staging/cmd/agib/main.go:89
github.com/spf13/cobra.(*Command).execute
	/Users/jonathanlima/go/pkg/mod/github.com/spf13/cobra@v1.7.0/command.go:940
github.com/spf13/cobra.(*Command).ExecuteC
	/Users/jonathanlima/go/pkg/mod/github.com/spf13/cobra@v1.7.0/command.go:1068
github.com/spf13/cobra.(*Command).Execute
	/Users/jonathanlima/go/pkg/mod/github.com/spf13/cobra@v1.7.0/command.go:992
main.main
	/Users/jonathanlima/mark/agibootstrap/staging/cmd/agib/main.go:126
runtime.main
	/opt/homebrew/opt/go/libexec/src/runtime/proc.go:250
2023-06-20T13:53:50.329-0700	ERROR	build/context.go:31	runtime error: index out of range [-1]
github.com/greenboxal/agibootstrap/pkg/build.(*Context).ReportError
	/Users/jonathanlima/mark/agibootstrap/staging/pkg/build/context.go:31
github.com/greenboxal/agibootstrap/pkg/build.(*Context).Build
	/Users/jonathanlima/mark/agibootstrap/staging/pkg/build/context.go:38
github.com/greenboxal/agibootstrap/pkg/build.(*Builder).Build
	/Users/jonathanlima/mark/agibootstrap/staging/pkg/build/build.go:48
main.main.func3
	/Users/jonathanlima/mark/agibootstrap/staging/cmd/agib/main.go:89
github.com/spf13/cobra.(*Command).execute
	/Users/jonathanlima/go/pkg/mod/github.com/spf13/cobra@v1.7.0/command.go:940
github.com/spf13/cobra.(*Command).ExecuteC
	/Users/jonathanlima/go/pkg/mod/github.com/spf13/cobra@v1.7.0/command.go:1068
github.com/spf13/cobra.(*Command).Execute
	/Users/jonathanlima/go/pkg/mod/github.com/spf13/cobra@v1.7.0/command.go:992
main.main
	/Users/jonathanlima/mark/agibootstrap/staging/cmd/agib/main.go:126
runtime.main
	/opt/homebrew/opt/go/libexec/src/runtime/proc.go:250
2023-06-20T13:54:38.887-0700	ERROR	build/context.go:31	runtime error: index out of range [-1]
github.com/greenboxal/agibootstrap/pkg/build.(*Context).ReportError
	/Users/jonathanlima/mark/agibootstrap/staging/pkg/build/context.go:31
github.com/greenboxal/agibootstrap/pkg/build.(*Context).Build
	/Users/jonathanlima/mark/agibootstrap/staging/pkg/build/context.go:38
github.com/greenboxal/agibootstrap/pkg/build.(*Builder).Build
	/Users/jonathanlima/mark/agibootstrap/staging/pkg/build/build.go:48
main.main.func3
	/Users/jonathanlima/mark/agibootstrap/staging/cmd/agib/main.go:89
github.com/spf13/cobra.(*Command).execute
	/Users/jonathanlima/go/pkg/mod/github.com/spf13/cobra@v1.7.0/command.go:940
github.com/spf13/cobra.(*Command).ExecuteC
	/Users/jonathanlima/go/pkg/mod/github.com/spf13/cobra@v1.7.0/command.go:1068
github.com/spf13/cobra.(*Command).Execute
	/Users/jonathanlima/go/pkg/mod/github.com/spf13/cobra@v1.7.0/command.go:992
main.main
	/Users/jonathanlima/mark/agibootstrap/staging/cmd/agib/main.go:126
runtime.main
	/opt/homebrew/opt/go/libexec/src/runtime/proc.go:250
2023-06-20T13:54:49.713-0700	ERROR	build/context.go:31	runtime error: index out of range [-1]
github.com/greenboxal/agibootstrap/pkg/build.(*Context).ReportError
	/Users/jonathanlima/mark/agibootstrap/staging/pkg/build/context.go:31
github.com/greenboxal/agibootstrap/pkg/build.(*Context).Build
	/Users/jonathanlima/mark/agibootstrap/staging/pkg/build/context.go:38
github.com/greenboxal/agibootstrap/pkg/build.(*Builder).Build
	/Users/jonathanlima/mark/agibootstrap/staging/pkg/build/build.go:48
main.main.func3
	/Users/jonathanlima/mark/agibootstrap/staging/cmd/agib/main.go:89
github.com/spf13/cobra.(*Command).execute
	/Users/jonathanlima/go/pkg/mod/github.com/spf13/cobra@v1.7.0/command.go:940
github.com/spf13/cobra.(*Command).ExecuteC
	/Users/jonathanlima/go/pkg/mod/github.com/spf13/cobra@v1.7.0/command.go:1068
github.com/spf13/cobra.(*Command).Execute
	/Users/jonathanlima/go/pkg/mod/github.com/spf13/cobra@v1.7.0/command.go:992
main.main
	/Users/jonathanlima/mark/agibootstrap/staging/cmd/agib/main.go:126
runtime.main
	/opt/homebrew/opt/go/libexec/src/runtime/proc.go:250
2023-06-20T14:01:35.974-0700	ERROR	build/context.go:31	col out of range
github.com/greenboxal/agibootstrap/pkg/build.(*Context).ReportError
	/Users/jonathanlima/mark/agibootstrap/staging/pkg/build/context.go:31
github.com/greenboxal/agibootstrap/pkg/build.(*Context).Build
	/Users/jonathanlima/mark/agibootstrap/staging/pkg/build/context.go:38
github.com/greenboxal/agibootstrap/pkg/build.(*Builder).Build
	/Users/jonathanlima/mark/agibootstrap/staging/pkg/build/build.go:48
main.main.func3
	/Users/jonathanlima/mark/agibootstrap/staging/cmd/agib/main.go:89
github.com/spf13/cobra.(*Command).execute
	/Users/jonathanlima/go/pkg/mod/github.com/spf13/cobra@v1.7.0/command.go:940
github.com/spf13/cobra.(*Command).ExecuteC
	/Users/jonathanlima/go/pkg/mod/github.com/spf13/cobra@v1.7.0/command.go:1068
github.com/spf13/cobra.(*Command).Execute
	/Users/jonathanlima/go/pkg/mod/github.com/spf13/cobra@v1.7.0/command.go:992
main.main
	/Users/jonathanlima/mark/agibootstrap/staging/cmd/agib/main.go:126
runtime.main
	/opt/homebrew/opt/go/libexec/src/runtime/proc.go:250
2023-06-20T15:15:37.309-0700	ERROR	build/context.go:31	the buffer is full and cannot take more data
github.com/greenboxal/agibootstrap/pkg/build.(*Context).ReportError
	/Users/jonathanlima/mark/agibootstrap/staging/pkg/build/context.go:31
github.com/greenboxal/agibootstrap/pkg/build.(*Context).Build
	/Users/jonathanlima/mark/agibootstrap/staging/pkg/build/context.go:38
github.com/greenboxal/agibootstrap/pkg/build.(*Builder).Build
	/Users/jonathanlima/mark/agibootstrap/staging/pkg/build/build.go:48
main.main.func3
	/Users/jonathanlima/mark/agibootstrap/staging/cmd/agib/main.go:89
github.com/spf13/cobra.(*Command).execute
	/Users/jonathanlima/go/pkg/mod/github.com/spf13/cobra@v1.7.0/command.go:940
github.com/spf13/cobra.(*Command).ExecuteC
	/Users/jonathanlima/go/pkg/mod/github.com/spf13/cobra@v1.7.0/command.go:1068
github.com/spf13/cobra.(*Command).Execute
	/Users/jonathanlima/go/pkg/mod/github.com/spf13/cobra@v1.7.0/command.go:992
main.main
	/Users/jonathanlima/mark/agibootstrap/staging/cmd/agib/main.go:126
runtime.main
	/opt/homebrew/opt/go/libexec/src/runtime/proc.go:250
2023-06-20T15:15:57.155-0700	ERROR	build/context.go:31	the buffer is full and cannot take more data
github.com/greenboxal/agibootstrap/pkg/build.(*Context).ReportError
	/Users/jonathanlima/mark/agibootstrap/staging/pkg/build/context.go:31
github.com/greenboxal/agibootstrap/pkg/build.(*Context).Build
	/Users/jonathanlima/mark/agibootstrap/staging/pkg/build/context.go:38
github.com/greenboxal/agibootstrap/pkg/build.(*Builder).Build
	/Users/jonathanlima/mark/agibootstrap/staging/pkg/build/build.go:48
main.main.func3
	/Users/jonathanlima/mark/agibootstrap/staging/cmd/agib/main.go:89
github.com/spf13/cobra.(*Command).execute
	/Users/jonathanlima/go/pkg/mod/github.com/spf13/cobra@v1.7.0/command.go:940
github.com/spf13/cobra.(*Command).ExecuteC
	/Users/jonathanlima/go/pkg/mod/github.com/spf13/cobra@v1.7.0/command.go:1068
github.com/spf13/cobra.(*Command).Execute
	/Users/jonathanlima/go/pkg/mod/github.com/spf13/cobra@v1.7.0/command.go:992
main.main
	/Users/jonathanlima/mark/agibootstrap/staging/cmd/agib/main.go:126
runtime.main
	/opt/homebrew/opt/go/libexec/src/runtime/proc.go:250
2023-06-20T15:16:10.517-0700	ERROR	build/context.go:31	the buffer is full and cannot take more data
github.com/greenboxal/agibootstrap/pkg/build.(*Context).ReportError
	/Users/jonathanlima/mark/agibootstrap/staging/pkg/build/context.go:31
github.com/greenboxal/agibootstrap/pkg/build.(*Context).Build
	/Users/jonathanlima/mark/agibootstrap/staging/pkg/build/context.go:38
github.com/greenboxal/agibootstrap/pkg/build.(*Builder).Build
	/Users/jonathanlima/mark/agibootstrap/staging/pkg/build/build.go:48
main.main.func3
	/Users/jonathanlima/mark/agibootstrap/staging/cmd/agib/main.go:89
github.com/spf13/cobra.(*Command).execute
	/Users/jonathanlima/go/pkg/mod/github.com/spf13/cobra@v1.7.0/command.go:940
github.com/spf13/cobra.(*Command).ExecuteC
	/Users/jonathanlima/go/pkg/mod/github.com/spf13/cobra@v1.7.0/command.go:1068
github.com/spf13/cobra.(*Command).Execute
	/Users/jonathanlima/go/pkg/mod/github.com/spf13/cobra@v1.7.0/command.go:992
main.main
	/Users/jonathanlima/mark/agibootstrap/staging/cmd/agib/main.go:126
runtime.main
	/opt/homebrew/opt/go/libexec/src/runtime/proc.go:250
2023-06-20T15:16:21.916-0700	ERROR	build/context.go:31	the buffer is full and cannot take more data
github.com/greenboxal/agibootstrap/pkg/build.(*Context).ReportError
	/Users/jonathanlima/mark/agibootstrap/staging/pkg/build/context.go:31
github.com/greenboxal/agibootstrap/pkg/build.(*Context).Build
	/Users/jonathanlima/mark/agibootstrap/staging/pkg/build/context.go:38
github.com/greenboxal/agibootstrap/pkg/build.(*Builder).Build
	/Users/jonathanlima/mark/agibootstrap/staging/pkg/build/build.go:48
main.main.func3
	/Users/jonathanlima/mark/agibootstrap/staging/cmd/agib/main.go:89
github.com/spf13/cobra.(*Command).execute
	/Users/jonathanlima/go/pkg/mod/github.com/spf13/cobra@v1.7.0/command.go:940
github.com/spf13/cobra.(*Command).ExecuteC
	/Users/jonathanlima/go/pkg/mod/github.com/spf13/cobra@v1.7.0/command.go:1068
github.com/spf13/cobra.(*Command).Execute
	/Users/jonathanlima/go/pkg/mod/github.com/spf13/cobra@v1.7.0/command.go:992
main.main
	/Users/jonathanlima/mark/agibootstrap/staging/cmd/agib/main.go:126
runtime.main
	/opt/homebrew/opt/go/libexec/src/runtime/proc.go:250
2023-06-20T15:16:44.004-0700	ERROR	build/context.go:31	the buffer is full and cannot take more data
github.com/greenboxal/agibootstrap/pkg/build.(*Context).ReportError
	/Users/jonathanlima/mark/agibootstrap/staging/pkg/build/context.go:31
github.com/greenboxal/agibootstrap/pkg/build.(*Context).Build
	/Users/jonathanlima/mark/agibootstrap/staging/pkg/build/context.go:38
github.com/greenboxal/agibootstrap/pkg/build.(*Builder).Build
	/Users/jonathanlima/mark/agibootstrap/staging/pkg/build/build.go:48
main.main.func3
	/Users/jonathanlima/mark/agibootstrap/staging/cmd/agib/main.go:89
github.com/spf13/cobra.(*Command).execute
	/Users/jonathanlima/go/pkg/mod/github.com/spf13/cobra@v1.7.0/command.go:940
github.com/spf13/cobra.(*Command).ExecuteC
	/Users/jonathanlima/go/pkg/mod/github.com/spf13/cobra@v1.7.0/command.go:1068
github.com/spf13/cobra.(*Command).Execute
	/Users/jonathanlima/go/pkg/mod/github.com/spf13/cobra@v1.7.0/command.go:992
main.main
	/Users/jonathanlima/mark/agibootstrap/staging/cmd/agib/main.go:126
runtime.main
	/opt/homebrew/opt/go/libexec/src/runtime/proc.go:250
2023-06-20T15:16:59.539-0700	ERROR	build/context.go:31	the buffer is full and cannot take more data
github.com/greenboxal/agibootstrap/pkg/build.(*Context).ReportError
	/Users/jonathanlima/mark/agibootstrap/staging/pkg/build/context.go:31
github.com/greenboxal/agibootstrap/pkg/build.(*Context).Build
	/Users/jonathanlima/mark/agibootstrap/staging/pkg/build/context.go:38
github.com/greenboxal/agibootstrap/pkg/build.(*Builder).Build
	/Users/jonathanlima/mark/agibootstrap/staging/pkg/build/build.go:48
main.main.func3
	/Users/jonathanlima/mark/agibootstrap/staging/cmd/agib/main.go:89
github.com/spf13/cobra.(*Command).execute
	/Users/jonathanlima/go/pkg/mod/github.com/spf13/cobra@v1.7.0/command.go:940
github.com/spf13/cobra.(*Command).ExecuteC
	/Users/jonathanlima/go/pkg/mod/github.com/spf13/cobra@v1.7.0/command.go:1068
github.com/spf13/cobra.(*Command).Execute
	/Users/jonathanlima/go/pkg/mod/github.com/spf13/cobra@v1.7.0/command.go:992
main.main
	/Users/jonathanlima/mark/agibootstrap/staging/cmd/agib/main.go:126
runtime.main
	/opt/homebrew/opt/go/libexec/src/runtime/proc.go:250
2023-06-20T15:17:06.586-0700	ERROR	build/context.go:31	the buffer is full and cannot take more data
github.com/greenboxal/agibootstrap/pkg/build.(*Context).ReportError
	/Users/jonathanlima/mark/agibootstrap/staging/pkg/build/context.go:31
github.com/greenboxal/agibootstrap/pkg/build.(*Context).Build
	/Users/jonathanlima/mark/agibootstrap/staging/pkg/build/context.go:38
github.com/greenboxal/agibootstrap/pkg/build.(*Builder).Build
	/Users/jonathanlima/mark/agibootstrap/staging/pkg/build/build.go:48
main.main.func3
	/Users/jonathanlima/mark/agibootstrap/staging/cmd/agib/main.go:89
github.com/spf13/cobra.(*Command).execute
	/Users/jonathanlima/go/pkg/mod/github.com/spf13/cobra@v1.7.0/command.go:940
github.com/spf13/cobra.(*Command).ExecuteC
	/Users/jonathanlima/go/pkg/mod/github.com/spf13/cobra@v1.7.0/command.go:1068
github.com/spf13/cobra.(*Command).Execute
	/Users/jonathanlima/go/pkg/mod/github.com/spf13/cobra@v1.7.0/command.go:992
main.main
	/Users/jonathanlima/mark/agibootstrap/staging/cmd/agib/main.go:126
runtime.main
	/opt/homebrew/opt/go/libexec/src/runtime/proc.go:250
2023-06-20T15:18:25.009-0700	ERROR	build/context.go:31	the buffer is full and cannot take more data
github.com/greenboxal/agibootstrap/pkg/build.(*Context).ReportError
	/Users/jonathanlima/mark/agibootstrap/staging/pkg/build/context.go:31
github.com/greenboxal/agibootstrap/pkg/build.(*Context).Build
	/Users/jonathanlima/mark/agibootstrap/staging/pkg/build/context.go:38
github.com/greenboxal/agibootstrap/pkg/build.(*Builder).Build
	/Users/jonathanlima/mark/agibootstrap/staging/pkg/build/build.go:48
main.main.func3
	/Users/jonathanlima/mark/agibootstrap/staging/cmd/agib/main.go:89
github.com/spf13/cobra.(*Command).execute
	/Users/jonathanlima/go/pkg/mod/github.com/spf13/cobra@v1.7.0/command.go:940
github.com/spf13/cobra.(*Command).ExecuteC
	/Users/jonathanlima/go/pkg/mod/github.com/spf13/cobra@v1.7.0/command.go:1068
github.com/spf13/cobra.(*Command).Execute
	/Users/jonathanlima/go/pkg/mod/github.com/spf13/cobra@v1.7.0/command.go:992
main.main
	/Users/jonathanlima/mark/agibootstrap/staging/cmd/agib/main.go:126
runtime.main
	/opt/homebrew/opt/go/libexec/src/runtime/proc.go:250
2023-06-20T15:21:14.151-0700	ERROR	build/context.go:31	the buffer is full and cannot take more data
github.com/greenboxal/agibootstrap/pkg/build.(*Context).ReportError
	/Users/jonathanlima/mark/agibootstrap/staging/pkg/build/context.go:31
github.com/greenboxal/agibootstrap/pkg/build.(*Context).Build
	/Users/jonathanlima/mark/agibootstrap/staging/pkg/build/context.go:38
github.com/greenboxal/agibootstrap/pkg/build.(*Builder).Build
	/Users/jonathanlima/mark/agibootstrap/staging/pkg/build/build.go:48
main.main.func3
	/Users/jonathanlima/mark/agibootstrap/staging/cmd/agib/main.go:89
github.com/spf13/cobra.(*Command).execute
	/Users/jonathanlima/go/pkg/mod/github.com/spf13/cobra@v1.7.0/command.go:940
github.com/spf13/cobra.(*Command).ExecuteC
	/Users/jonathanlima/go/pkg/mod/github.com/spf13/cobra@v1.7.0/command.go:1068
github.com/spf13/cobra.(*Command).Execute
	/Users/jonathanlima/go/pkg/mod/github.com/spf13/cobra@v1.7.0/command.go:992
main.main
	/Users/jonathanlima/mark/agibootstrap/staging/cmd/agib/main.go:126
runtime.main
	/opt/homebrew/opt/go/libexec/src/runtime/proc.go:250
2023-06-20T15:21:59.980-0700	ERROR	build/context.go:31	the buffer is full and cannot take more data
github.com/greenboxal/agibootstrap/pkg/build.(*Context).ReportError
	/Users/jonathanlima/mark/agibootstrap/staging/pkg/build/context.go:31
github.com/greenboxal/agibootstrap/pkg/build.(*Context).Build
	/Users/jonathanlima/mark/agibootstrap/staging/pkg/build/context.go:38
github.com/greenboxal/agibootstrap/pkg/build.(*Builder).Build
	/Users/jonathanlima/mark/agibootstrap/staging/pkg/build/build.go:48
main.main.func3
	/Users/jonathanlima/mark/agibootstrap/staging/cmd/agib/main.go:89
github.com/spf13/cobra.(*Command).execute
	/Users/jonathanlima/go/pkg/mod/github.com/spf13/cobra@v1.7.0/command.go:940
github.com/spf13/cobra.(*Command).ExecuteC
	/Users/jonathanlima/go/pkg/mod/github.com/spf13/cobra@v1.7.0/command.go:1068
github.com/spf13/cobra.(*Command).Execute
	/Users/jonathanlima/go/pkg/mod/github.com/spf13/cobra@v1.7.0/command.go:992
main.main
	/Users/jonathanlima/mark/agibootstrap/staging/cmd/agib/main.go:126
runtime.main
	/opt/homebrew/opt/go/libexec/src/runtime/proc.go:250
2023-06-20T17:39:53.638-0700	ERROR	build/context.go:31	the buffer is full and cannot take more data
github.com/greenboxal/agibootstrap/pkg/build.(*Context).ReportError
	/Users/jonathanlima/mark/agibootstrap/staging/pkg/build/context.go:31
github.com/greenboxal/agibootstrap/pkg/build.(*Context).Build
	/Users/jonathanlima/mark/agibootstrap/staging/pkg/build/context.go:38
github.com/greenboxal/agibootstrap/pkg/build.(*Builder).Build
	/Users/jonathanlima/mark/agibootstrap/staging/pkg/build/build.go:48
main.main.func3
	/Users/jonathanlima/mark/agibootstrap/staging/cmd/agib/main.go:90
github.com/spf13/cobra.(*Command).execute
	/Users/jonathanlima/go/pkg/mod/github.com/spf13/cobra@v1.7.0/command.go:940
github.com/spf13/cobra.(*Command).ExecuteC
	/Users/jonathanlima/go/pkg/mod/github.com/spf13/cobra@v1.7.0/command.go:1068
github.com/spf13/cobra.(*Command).Execute
	/Users/jonathanlima/go/pkg/mod/github.com/spf13/cobra@v1.7.0/command.go:992
main.main
	/Users/jonathanlima/mark/agibootstrap/staging/cmd/agib/main.go:127
runtime.main
	/opt/homebrew/opt/go/libexec/src/runtime/proc.go:250
2023-06-20T17:41:00.528-0700	ERROR	build/context.go:31	the buffer is full and cannot take more data
github.com/greenboxal/agibootstrap/pkg/build.(*Context).ReportError
	/Users/jonathanlima/mark/agibootstrap/staging/pkg/build/context.go:31
github.com/greenboxal/agibootstrap/pkg/build.(*Context).Build
	/Users/jonathanlima/mark/agibootstrap/staging/pkg/build/context.go:38
github.com/greenboxal/agibootstrap/pkg/build.(*Builder).Build
	/Users/jonathanlima/mark/agibootstrap/staging/pkg/build/build.go:48
main.main.func3
	/Users/jonathanlima/mark/agibootstrap/staging/cmd/agib/main.go:90
github.com/spf13/cobra.(*Command).execute
	/Users/jonathanlima/go/pkg/mod/github.com/spf13/cobra@v1.7.0/command.go:940
github.com/spf13/cobra.(*Command).ExecuteC
	/Users/jonathanlima/go/pkg/mod/github.com/spf13/cobra@v1.7.0/command.go:1068
github.com/spf13/cobra.(*Command).Execute
	/Users/jonathanlima/go/pkg/mod/github.com/spf13/cobra@v1.7.0/command.go:992
main.main
	/Users/jonathanlima/mark/agibootstrap/staging/cmd/agib/main.go:127
runtime.main
	/opt/homebrew/opt/go/libexec/src/runtime/proc.go:250
2023-06-20T17:51:16.340-0700	ERROR	build/context.go:31	invalid line number 0 (should be >= 1)
github.com/greenboxal/agibootstrap/pkg/build.(*Context).ReportError
	/Users/jonathanlima/mark/agibootstrap/staging/pkg/build/context.go:31
github.com/greenboxal/agibootstrap/pkg/build.(*Context).Build
	/Users/jonathanlima/mark/agibootstrap/staging/pkg/build/context.go:38
github.com/greenboxal/agibootstrap/pkg/build.(*Builder).Build
	/Users/jonathanlima/mark/agibootstrap/staging/pkg/build/build.go:48
main.main.func3
	/Users/jonathanlima/mark/agibootstrap/staging/cmd/agib/main.go:90
github.com/spf13/cobra.(*Command).execute
	/Users/jonathanlima/go/pkg/mod/github.com/spf13/cobra@v1.7.0/command.go:940
github.com/spf13/cobra.(*Command).ExecuteC
	/Users/jonathanlima/go/pkg/mod/github.com/spf13/cobra@v1.7.0/command.go:1068
github.com/spf13/cobra.(*Command).Execute
	/Users/jonathanlima/go/pkg/mod/github.com/spf13/cobra@v1.7.0/command.go:992
main.main
	/Users/jonathanlima/mark/agibootstrap/staging/cmd/agib/main.go:127
runtime.main
	/opt/homebrew/opt/go/libexec/src/runtime/proc.go:250
2023-06-20T17:51:30.492-0700	ERROR	build/context.go:31	invalid line number 0 (should be >= 1)
github.com/greenboxal/agibootstrap/pkg/build.(*Context).ReportError
	/Users/jonathanlima/mark/agibootstrap/staging/pkg/build/context.go:31
github.com/greenboxal/agibootstrap/pkg/build.(*Context).Build
	/Users/jonathanlima/mark/agibootstrap/staging/pkg/build/context.go:38
github.com/greenboxal/agibootstrap/pkg/build.(*Builder).Build
	/Users/jonathanlima/mark/agibootstrap/staging/pkg/build/build.go:48
main.main.func3
	/Users/jonathanlima/mark/agibootstrap/staging/cmd/agib/main.go:90
github.com/spf13/cobra.(*Command).execute
	/Users/jonathanlima/go/pkg/mod/github.com/spf13/cobra@v1.7.0/command.go:940
github.com/spf13/cobra.(*Command).ExecuteC
	/Users/jonathanlima/go/pkg/mod/github.com/spf13/cobra@v1.7.0/command.go:1068
github.com/spf13/cobra.(*Command).Execute
	/Users/jonathanlima/go/pkg/mod/github.com/spf13/cobra@v1.7.0/command.go:992
main.main
	/Users/jonathanlima/mark/agibootstrap/staging/cmd/agib/main.go:127
runtime.main
	/opt/homebrew/opt/go/libexec/src/runtime/proc.go:250
2023-06-20T17:52:47.321-0700	ERROR	build/context.go:31	invalid line number 3 (should be < 1)
github.com/greenboxal/agibootstrap/pkg/build.(*Context).ReportError
	/Users/jonathanlima/mark/agibootstrap/staging/pkg/build/context.go:31
github.com/greenboxal/agibootstrap/pkg/build.(*Context).Build
	/Users/jonathanlima/mark/agibootstrap/staging/pkg/build/context.go:38
github.com/greenboxal/agibootstrap/pkg/build.(*Builder).Build
	/Users/jonathanlima/mark/agibootstrap/staging/pkg/build/build.go:48
main.main.func3
	/Users/jonathanlima/mark/agibootstrap/staging/cmd/agib/main.go:90
github.com/spf13/cobra.(*Command).execute
	/Users/jonathanlima/go/pkg/mod/github.com/spf13/cobra@v1.7.0/command.go:940
github.com/spf13/cobra.(*Command).ExecuteC
	/Users/jonathanlima/go/pkg/mod/github.com/spf13/cobra@v1.7.0/command.go:1068
github.com/spf13/cobra.(*Command).Execute
	/Users/jonathanlima/go/pkg/mod/github.com/spf13/cobra@v1.7.0/command.go:992
main.main
	/Users/jonathanlima/mark/agibootstrap/staging/cmd/agib/main.go:127
runtime.main
	/opt/homebrew/opt/go/libexec/src/runtime/proc.go:250
2023-06-20T17:52:59.544-0700	ERROR	build/context.go:31	invalid line number 3 (should be < 1)
github.com/greenboxal/agibootstrap/pkg/build.(*Context).ReportError
	/Users/jonathanlima/mark/agibootstrap/staging/pkg/build/context.go:31
github.com/greenboxal/agibootstrap/pkg/build.(*Context).Build
	/Users/jonathanlima/mark/agibootstrap/staging/pkg/build/context.go:38
github.com/greenboxal/agibootstrap/pkg/build.(*Builder).Build
	/Users/jonathanlima/mark/agibootstrap/staging/pkg/build/build.go:48
main.main.func3
	/Users/jonathanlima/mark/agibootstrap/staging/cmd/agib/main.go:90
github.com/spf13/cobra.(*Command).execute
	/Users/jonathanlima/go/pkg/mod/github.com/spf13/cobra@v1.7.0/command.go:940
github.com/spf13/cobra.(*Command).ExecuteC
	/Users/jonathanlima/go/pkg/mod/github.com/spf13/cobra@v1.7.0/command.go:1068
github.com/spf13/cobra.(*Command).Execute
	/Users/jonathanlima/go/pkg/mod/github.com/spf13/cobra@v1.7.0/command.go:992
main.main
	/Users/jonathanlima/mark/agibootstrap/staging/cmd/agib/main.go:127
runtime.main
	/opt/homebrew/opt/go/libexec/src/runtime/proc.go:250
2023-06-20T17:53:28.206-0700	ERROR	build/context.go:31	invalid line number 3 (should be < 1)
github.com/greenboxal/agibootstrap/pkg/build.(*Context).ReportError
	/Users/jonathanlima/mark/agibootstrap/staging/pkg/build/context.go:31
github.com/greenboxal/agibootstrap/pkg/build.(*Context).Build
	/Users/jonathanlima/mark/agibootstrap/staging/pkg/build/context.go:38
github.com/greenboxal/agibootstrap/pkg/build.(*Builder).Build
	/Users/jonathanlima/mark/agibootstrap/staging/pkg/build/build.go:48
main.main.func3
	/Users/jonathanlima/mark/agibootstrap/staging/cmd/agib/main.go:90
github.com/spf13/cobra.(*Command).execute
	/Users/jonathanlima/go/pkg/mod/github.com/spf13/cobra@v1.7.0/command.go:940
github.com/spf13/cobra.(*Command).ExecuteC
	/Users/jonathanlima/go/pkg/mod/github.com/spf13/cobra@v1.7.0/command.go:1068
github.com/spf13/cobra.(*Command).Execute
	/Users/jonathanlima/go/pkg/mod/github.com/spf13/cobra@v1.7.0/command.go:992
main.main
	/Users/jonathanlima/mark/agibootstrap/staging/cmd/agib/main.go:127
runtime.main
	/opt/homebrew/opt/go/libexec/src/runtime/proc.go:250
2023-06-20T17:55:20.416-0700	ERROR	build/context.go:31	invalid line number 0 (should be >= 1)
github.com/greenboxal/agibootstrap/pkg/build.(*Context).ReportError
	/Users/jonathanlima/mark/agibootstrap/staging/pkg/build/context.go:31
github.com/greenboxal/agibootstrap/pkg/build.(*Context).Build
	/Users/jonathanlima/mark/agibootstrap/staging/pkg/build/context.go:38
github.com/greenboxal/agibootstrap/pkg/build.(*Builder).Build
	/Users/jonathanlima/mark/agibootstrap/staging/pkg/build/build.go:48
main.main.func3
	/Users/jonathanlima/mark/agibootstrap/staging/cmd/agib/main.go:90
github.com/spf13/cobra.(*Command).execute
	/Users/jonathanlima/go/pkg/mod/github.com/spf13/cobra@v1.7.0/command.go:940
github.com/spf13/cobra.(*Command).ExecuteC
	/Users/jonathanlima/go/pkg/mod/github.com/spf13/cobra@v1.7.0/command.go:1068
github.com/spf13/cobra.(*Command).Execute
	/Users/jonathanlima/go/pkg/mod/github.com/spf13/cobra@v1.7.0/command.go:992
main.main
	/Users/jonathanlima/mark/agibootstrap/staging/cmd/agib/main.go:127
runtime.main
	/opt/homebrew/opt/go/libexec/src/runtime/proc.go:250
2023-06-20T18:22:37.494-0700	ERROR	build/context.go:31	panic in chain: <nil>
github.com/greenboxal/agibootstrap/pkg/build.(*Context).ReportError
	/Users/jonathanlima/mark/agibootstrap/staging/pkg/build/context.go:31
github.com/greenboxal/agibootstrap/pkg/build.(*Context).Build
	/Users/jonathanlima/mark/agibootstrap/staging/pkg/build/context.go:38
github.com/greenboxal/agibootstrap/pkg/build.(*Builder).Build
	/Users/jonathanlima/mark/agibootstrap/staging/pkg/build/build.go:48
main.main.func3
	/Users/jonathanlima/mark/agibootstrap/staging/cmd/agib/main.go:90
github.com/spf13/cobra.(*Command).execute
	/Users/jonathanlima/go/pkg/mod/github.com/spf13/cobra@v1.7.0/command.go:940
github.com/spf13/cobra.(*Command).ExecuteC
	/Users/jonathanlima/go/pkg/mod/github.com/spf13/cobra@v1.7.0/command.go:1068
github.com/spf13/cobra.(*Command).Execute
	/Users/jonathanlima/go/pkg/mod/github.com/spf13/cobra@v1.7.0/command.go:992
main.main
	/Users/jonathanlima/mark/agibootstrap/staging/cmd/agib/main.go:127
runtime.main
	/opt/homebrew/opt/go/libexec/src/runtime/proc.go:250
